<?xml version="1.0" encoding="UTF-8"?>
<testsuite xmlns:xsi="http://www.w3.org/2001/XMLSchema-instance" xsi:noNamespaceSchemaLocation="https://maven.apache.org/surefire/maven-surefire-plugin/xsd/surefire-test-report-3.0.xsd" version="3.0" name="br.com.TP1.CalculoIMCTest" time="0.051" tests="11" errors="0" skipped="0" failures="0">
  <properties>
[...]
</properties>
  <testcase name="testaCalculoPesoCorreto" classname="br.com.TP1.CalculoIMCTest" time="0.022"/>
  <testcase name="testaClassificacaoObesidadeGrauIII" classname="br.com.TP1.CalculoIMCTest" time="0.0"/>
  <testcase name="testaClassificacaoMagrezaModerada" classname="br.com.TP1.CalculoIMCTest" time="0.001"/>
  <testcase name="testaClassificacaoObesidadeGrauII" classname="br.com.TP1.CalculoIMCTest" time="0.001"/>
  <testcase name="testaAlturaZeroLancaExcecao" classname="br.com.TP1.CalculoIMCTest" time="0.002"/>
  <testcase name="testaClassificacaoObesidadeGrauI" classname="br.com.TP1.CalculoIMCTest" time="0.0"/>
  <testcase name="testaClassificacaoSaudavel" classname="br.com.TP1.CalculoIMCTest" time="0.001"/>
  <testcase name="testaClassificacaoSobrepeso" classname="br.com.TP1.CalculoIMCTest" time="0.001"/>
  <testcase name="testaPesoZeroLancaExcecao" classname="br.com.TP1.CalculoIMCTest" time="0.001"/>
  <testcase name="testaClassificacaoMagrezaLeve" classname="br.com.TP1.CalculoIMCTest" time="0.0"/>
  <testcase name="testaClassificacaoMagrezaGrave" classname="br.com.TP1.CalculoIMCTest" time="0.0"/>
</testsuite>